<?xml version="1.0" encoding="UTF-8"?>
<!-- Generated by org.testng.reporters.JUnitXMLReporter -->
<testsuite hostname="Yene" name="Surefire test" tests="4" failures="0" timestamp="29 Oct 2016 12:40:04 GMT" time="0.641" errors="0">
  <testcase name="testAdd on testAdd(com.calculatorgui.artifact.CalculatorTest)" time="0.078" classname="com.calculatorgui.artifact.CalculatorTest"/>
  <testcase name="testSubtract on testSubtract(com.calculatorgui.artifact.CalculatorTest)" time="0.015" classname="com.calculatorgui.artifact.CalculatorTest"/>
  <testcase name="testDivide on testDivide(com.calculatorgui.artifact.CalculatorTest)" time="0.063" classname="com.calculatorgui.artifact.CalculatorTest"/>
  <testcase name="testMultiply on testMultiply(com.calculatorgui.artifact.CalculatorTest)" time="0.078" classname="com.calculatorgui.artifact.CalculatorTest"/>
</testsuite> <!-- Surefire test -->
